Using pre-set license
Built from '2021.3/staging' branch; Version is '2021.3.2f1 (d6360bedb9a0) revision 14038539'; Using compiler version '192829333'; Build Type 'Release'
OS: 'Windows 10  (10.0.19044) 64bit Core' Language: 'ja' Physical Memory: 7542 MB
BatchMode: 1, IsHumanControllingUs: 0, StartBugReporterOnCrash: 0, Is64bit: 1, IsPro: 1
received signal from system: SIGSEGV
Obtained 27 stack frames
0x00007ff62a79b5cd (Unity) StackWalker::GetCurrentCallstack
0x00007ff62a7a2329 (Unity) StackWalker::ShowCallstack
0x00007ff62b709713 (Unity) GetStacktrace
0x00007ff62a7a1366 (Unity) winutils::PrintStackTrace
0x00007ff62a79abfc (Unity) winutils::CrashHandler::DefaultSignalHandler
0x00007ff62ca8b8a2 (Unity) seh_filter_exe
0x00007ff62cb4adcc (Unity) `__scrt_common_main_seh'::`1'::filt$0
0x00007ff62ca57f60 (Unity) _C_specific_handler
0x00007ff981e3235f (ntdll) 
0x00007ff981de14a4 (ntdll) 
0x00007ff981e30e8e (ntdll) 
0x00007ff62a024800 (Unity) DynamicHeapAllocator::GetRequestedPtrSize
0x00007ff62a020b46 (Unity) MemoryManager::Allocate
0x00007ff62a02b72e (Unity) malloc_internal
0x00007ff629fbc797 (Unity) core::hash_set<core::pair<BuildPipeline::ObjectIdentifier const ,BuildPipeline::BuildReferenceMap::ReferenceIdentifier,0>,core::hash_pair<core::hash<BuildPipeline::ObjectIdentifier>,BuildPipeline::ObjectIdentifier const ,BuildPipeline::BuildReferenceMap::ReferenceIdentifier>,core::equal_pair<std::equal_to<BuildPipeline::ObjectIdentifier>,BuildPipeline::ObjectIdentifier const ,BuildPipeline::BuildReferenceMap::ReferenceIdentifier> >::resize
0x00007ff629fa5a5a (Unity) core::hash_map<core::basic_string<char,core::StringStorageDefault<char> >,core::basic_string<char,core::StringStorageDefault<char> > const ,core::hash<core::basic_string<char,core::StringStorageDefault<char> > >,std::equal_to<core::basic_string<char,core::StringStorageDefault<char> > > >::operator[]
0x00007ff62ae2af75 (Unity) StringTable::SetMappedString
0x00007ff62bc27f65 (Unity) LocalizationImporter::ImportStringTableFromPOFile
0x00007ff62bc289ef (Unity) LocalizationDatabase::ReadResource
0x00007ff62bc28882 (Unity) LocalizationDatabase::ReadCoreEditorLocalizationResources
0x00007ff62bc24aca (Unity) LocalizationDatabase::LocalizationDatabase
0x00007ff62bc26c76 (Unity) LocalizationDatabase::CreateInstance
0x00007ff62b2b15bb (Unity) Application::Application
0x00007ff62b713d83 (Unity) WinMain
0x00007ff62ca3582e (Unity) __scrt_common_main_seh
0x00007ff980637034 (KERNEL32) BaseThreadInitThunk
0x00007ff981de26a1 (ntdll) 

