Using pre-set license
Built from '2021.3/staging' branch; Version is '2021.3.2f1 (d6360bedb9a0) revision 14038539'; Using compiler version '192829333'; Build Type 'Release'
OS: 'Windows 10  (10.0.19044) 64bit Core' Language: 'ja' Physical Memory: 7542 MB
BatchMode: 1, IsHumanControllingUs: 0, StartBugReporterOnCrash: 0, Is64bit: 1, IsPro: 1

COMMAND LINE ARGUMENTS:
C:\Program Files\Unity\Hub\Editor\2021.3.2f1\Editor\Unity.exe
-adb2
-batchMode
-noUpm
-name
AssetImportWorker6
-projectPath
C:/Users/kamin/Documents/Works/Unity Projects/Project-Bomb-Disarmament
-logFile
Logs/AssetImportWorker6.log
-srvPort
52838
Successfully changed project path to: C:/Users/kamin/Documents/Works/Unity Projects/Project-Bomb-Disarmament
C:/Users/kamin/Documents/Works/Unity Projects/Project-Bomb-Disarmament
[UnityMemory] Configuration Parameters - Can be set up in boot.config
    "memorysetup-bucket-allocator-granularity=16"
    "memorysetup-bucket-allocator-bucket-count=8"
    "memorysetup-bucket-allocator-block-size=33554432"
    "memorysetup-bucket-allocator-block-count=8"
    "memorysetup-main-allocator-block-size=16777216"
    "memorysetup-thread-allocator-block-size=16777216"
    "memorysetup-gfx-main-allocator-block-size=16777216"
    "memorysetup-gfx-thread-allocator-block-size=16777216"
    "memorysetup-cache-allocator-block-size=4194304"
    "memorysetup-typetree-allocator-block-size=2097152"
    "memorysetup-profiler-bucket-allocator-granularity=16"
    "memorysetup-profiler-bucket-allocator-bucket-count=8"
    "memorysetup-profiler-bucket-allocator-block-size=33554432"
    "memorysetup-profiler-bucket-allocator-block-count=8"
    "memorysetup-profiler-allocator-block-size=16777216"
    "memorysetup-profiler-editor-allocator-block-size=1048576"
    "memorysetup-temp-allocator-size-main=16777216"
    "memorysetup-job-temp-allocator-block-size=2097152"
    "memorysetup-job-temp-allocator-block-size-background=1048576"
    "memorysetup-job-temp-allocator-reduction-small-platforms=262144"
    "memorysetup-temp-allocator-size-background-worker=32768"
    "memorysetup-temp-allocator-size-job-worker=262144"
    "memorysetup-temp-allocator-size-preload-manager=33554432"
    "memorysetup-temp-allocator-size-nav-mesh-worker=65536"
    "memorysetup-temp-allocator-size-audio-worker=65536"
    "memorysetup-temp-allocator-size-cloud-worker=32768"
    "memorysetup-temp-allocator-size-gi-baking-worker=262144"
    "memorysetup-temp-allocator-size-gfx=262144"
Refreshing native plugins compatible for Editor in 186.95 ms, found 3 plugins.
Preloading 0 native plugins for Editor in 0.00 ms.
Initialize engine version: 2021.3.2f1 (d6360bedb9a0)
[Subsystems] Discovering subsystems at path C:/Program Files/Unity/Hub/Editor/2021.3.2f1/Editor/Data/Resources/UnitySubsystems
[Subsystems] Discovering subsystems at path C:/Users/kamin/Documents/Works/Unity Projects/Project-Bomb-Disarmament/Assets
GfxDevice: creating device client; threaded=0; jobified=0
Direct3D:
    Version:  Direct3D 11.0 [level 11.1]
    Renderer: AMD Radeon(TM) Graphics (ID=0x164c)
    Vendor:   ATI
    VRAM:     3771 MB
    Driver:   30.0.13024.4
Initialize mono
Mono path[0] = 'C:/Program Files/Unity/Hub/Editor/2021.3.2f1/Editor/Data/Managed'
Mono path[1] = 'C:/Program Files/Unity/Hub/Editor/2021.3.2f1/Editor/Data/MonoBleedingEdge/lib/mono/unityjit-win32'
Mono config path = 'C:/Program Files/Unity/Hub/Editor/2021.3.2f1/Editor/Data/MonoBleedingEdge/etc'
Using monoOptions --debugger-agent=transport=dt_socket,embedding=1,server=y,suspend=n,address=127.0.0.1:56532
Begin MonoManager ReloadAssembly
Registering precompiled unity dll's ...
Register platform support module: C:/Program Files/Unity/Hub/Editor/2021.3.2f1/Editor/Data/PlaybackEngines/WindowsStandaloneSupport/UnityEditor.WindowsStandalone.Extensions.dll
Registered in 0.016300 seconds.
Native extension for WindowsStandalone target not found
Refreshing native plugins compatible for Editor in 187.65 ms, found 3 plugins.
Preloading 0 native plugins for Editor in 0.00 ms.
Mono: successfully reloaded assembly
- Completed reload, in  1.468 seconds
Domain Reload Profiling:
	ReloadAssembly (1470ms)
		BeginReloadAssembly (190ms)
			ExecutionOrderSort (0ms)
			DisableScriptedObjects (0ms)
			BackupInstance (0ms)
			ReleaseScriptingObjects (0ms)
			CreateAndSetChildDomain (1ms)
		EndReloadAssembly (1018ms)
			LoadAssemblies (185ms)
			RebuildTransferFunctionScriptingTraits (0ms)
			SetupTypeCache (237ms)
			ReleaseScriptCaches (0ms)
			RebuildScriptCaches (58ms)
			SetupLoadedEditorAssemblies (600ms)
				LogAssemblyErrors (0ms)
				InitializePlatformSupportModulesInManaged (16ms)
				SetLoadedEditorAssemblies (0ms)
				RefreshPlugins (188ms)
				BeforeProcessingInitializeOnLoad (2ms)
				ProcessInitializeOnLoadAttributes (254ms)
				ProcessInitializeOnLoadMethodAttributes (138ms)
				AfterProcessingInitializeOnLoad (0ms)
				EditorAssembliesLoaded (0ms)
			ExecutionOrderSort2 (0ms)
			AwakeInstancesAfterBackupRestoration (0ms)
Platform modules already initialized, skipping
Registering precompiled user dll's ...
Registered in 0.024969 seconds.
Begin MonoManager ReloadAssembly
Symbol file LoadedFromMemory doesn't match image C:\Users\kamin\Documents\Works\Unity Projects\Project-Bomb-Disarmament\Library\PackageCache\com.unity.visualscripting@1.7.6\Editor\VisualScripting.Core\Dependencies\YamlDotNet\Unity.VisualScripting.YamlDotNet.dll
Symbol file LoadedFromMemory doesn't match image C:\Users\kamin\Documents\Works\Unity Projects\Project-Bomb-Disarmament\Library\PackageCache\com.unity.visualscripting@1.7.6\Editor\VisualScripting.Core\Dependencies\DotNetZip\Unity.VisualScripting.IonicZip.dll
Native extension for WindowsStandalone target not found
Refreshing native plugins compatible for Editor in 1.27 ms, found 3 plugins.
Preloading 0 native plugins for Editor in 0.00 ms.
Mono: successfully reloaded assembly
- Completed reload, in  2.842 seconds
Domain Reload Profiling:
	ReloadAssembly (2844ms)
		BeginReloadAssembly (465ms)
			ExecutionOrderSort (0ms)
			DisableScriptedObjects (11ms)
			BackupInstance (0ms)
			ReleaseScriptingObjects (0ms)
			CreateAndSetChildDomain (56ms)
		EndReloadAssembly (2078ms)
			LoadAssemblies (424ms)
			RebuildTransferFunctionScriptingTraits (0ms)
			SetupTypeCache (676ms)
			ReleaseScriptCaches (1ms)
			RebuildScriptCaches (98ms)
			SetupLoadedEditorAssemblies (994ms)
				LogAssemblyErrors (0ms)
				InitializePlatformSupportModulesInManaged (14ms)
				SetLoadedEditorAssemblies (1ms)
				RefreshPlugins (1ms)
				BeforeProcessingInitializeOnLoad (218ms)
				ProcessInitializeOnLoadAttributes (664ms)
				ProcessInitializeOnLoadMethodAttributes (72ms)
				AfterProcessingInitializeOnLoad (23ms)
				EditorAssembliesLoaded (0ms)
			ExecutionOrderSort2 (0ms)
			AwakeInstancesAfterBackupRestoration (11ms)
Platform modules already initialized, skipping
========================================================================
Worker process is ready to serve import requests
Launched and connected shader compiler UnityShaderCompiler.exe after 0.16 seconds
Refreshing native plugins compatible for Editor in 0.94 ms, found 3 plugins.
Preloading 0 native plugins for Editor in 0.00 ms.
Unloading 3377 Unused Serialized files (Serialized files now loaded: 0)
Unloading 26 unused Assets / (112.2 KB). Loaded Objects now: 3835.
Memory consumption went from 122.7 MB to 122.6 MB.
Total: 9.273500 ms (FindLiveObjects: 0.501200 ms CreateObjectMapping: 0.199300 ms MarkObjects: 8.380300 ms  DeleteObjects: 0.190100 ms)

AssetImportParameters requested are different than current active one (requested -> active):
  custom:video-decoder-ogg-theora: a1e56fd34408186e4bbccfd4996cb3dc -> 
  custom:container-muxer-webm: aa71ff27fc2769a1b78a27578f13a17b -> 
  custom:container-demuxer-webm: 4f35f7cbe854078d1ac9338744f61a02 -> 
  custom:video-encoder-webm-vp8: eb34c28f22e8b96e1ab97ce403110664 -> 
  custom:video-codec-MediaFoundation-h265: 746d11721c4dcdbdad8f713fa42b33f4 -> 
  custom:audio-encoder-webm-vorbis: bf7c407c2cedff20999df2af8eb42d56 -> 
  custom:framework-win-MediaFoundation: 216162199b28c13a410421893ffa2e32 -> 
  custom:container-demuxer-ogg: 62fdf1f143b41e24485cea50d1cbac27 -> 
  custom:video-decoder-webm-vp8: 9c59270c3fd7afecdb556c50c9e8de78 -> 
  custom:audio-decoder-ogg-vorbis: bf7c407c2cedff20999df2af8eb42d56 -> 
========================================================================
Received Import Request.
  Time since last request: 646973.031226 seconds.
  path: Assets/Downloads/Maze用DLフォルダ/icooon-mono.zip
  artifactKey: Guid(3061ca9c36d0be04ca4198850ccc567e) Importer(815301076,1909f56bfc062723c751e8b465ee728b)
Start importing Assets/Downloads/Maze用DLフォルダ/icooon-mono.zip using Guid(3061ca9c36d0be04ca4198850ccc567e) Importer(815301076,1909f56bfc062723c751e8b465ee728b)  -> (artifact id: '6b0a63a763ace7e673aa5778c76d47e2') in 0.070038 seconds 
========================================================================
Received Import Request.
  Time since last request: 0.400462 seconds.
  path: Assets/Downloads/Maze用DLフォルダ/icon_158352_256.png
  artifactKey: Guid(9d3cfe29f558d9c46b996cda8dcfec92) Importer(815301076,1909f56bfc062723c751e8b465ee728b)
Start importing Assets/Downloads/Maze用DLフォルダ/icon_158352_256.png using Guid(9d3cfe29f558d9c46b996cda8dcfec92) Importer(815301076,1909f56bfc062723c751e8b465ee728b)  -> (artifact id: '85834b2c15ef617ec63b1c6e85e20945') in 0.087612 seconds 
========================================================================
Received Import Request.
  Time since last request: 0.486747 seconds.
  path: Assets/Downloads/Maze用DLフォルダ/square-1.png
  artifactKey: Guid(715c8b4c608493745b64e083cb801332) Importer(815301076,1909f56bfc062723c751e8b465ee728b)
Start importing Assets/Downloads/Maze用DLフォルダ/square-1.png using Guid(715c8b4c608493745b64e083cb801332) Importer(815301076,1909f56bfc062723c751e8b465ee728b)  -> (artifact id: '45d1b2242283667a1d3697af25fda17b') in 0.028670 seconds 
========================================================================
Received Import Request.
  Time since last request: 28.194401 seconds.
  path: Assets/Downloads/Maze用DLフォルダ/square-1.png
  artifactKey: Guid(715c8b4c608493745b64e083cb801332) Importer(815301076,1909f56bfc062723c751e8b465ee728b)
Start importing Assets/Downloads/Maze用DLフォルダ/square-1.png using Guid(715c8b4c608493745b64e083cb801332) Importer(815301076,1909f56bfc062723c751e8b465ee728b)  -> (artifact id: 'c47e1dceaffd75d952e21f267986bb1f') in 0.155656 seconds 
========================================================================
Received Import Request.
  Time since last request: 15.635305 seconds.
  path: Assets/Downloads/Maze用DLフォルダ/icon_100672_256.png
  artifactKey: Guid(754f66688d73c87448cec2f18fa3cb27) Importer(815301076,1909f56bfc062723c751e8b465ee728b)
Start importing Assets/Downloads/Maze用DLフォルダ/icon_100672_256.png using Guid(754f66688d73c87448cec2f18fa3cb27) Importer(815301076,1909f56bfc062723c751e8b465ee728b)  -> (artifact id: '5fe751c82f476a9e165d5c16cbbe1841') in 0.055567 seconds 
========================================================================
Received Import Request.
  Time since last request: 1.115896 seconds.
  path: Assets/Sprites/Maze/Floor.prefab
  artifactKey: Guid(ba5cf75e8885ee047b157c9446082ad2) Importer(815301076,1909f56bfc062723c751e8b465ee728b)
Start importing Assets/Sprites/Maze/Floor.prefab using Guid(ba5cf75e8885ee047b157c9446082ad2) Importer(815301076,1909f56bfc062723c751e8b465ee728b)  -> (artifact id: 'd0dc41996ce77a4d93a2dd0cc29a343f') in 0.056048 seconds 
========================================================================
Received Import Request.
  Time since last request: 9.160910 seconds.
  path: Assets/Sprites/Maze/Goal.prefab
  artifactKey: Guid(a09a967b94bebaf4c917e41b484e86a2) Importer(815301076,1909f56bfc062723c751e8b465ee728b)
Start importing Assets/Sprites/Maze/Goal.prefab using Guid(a09a967b94bebaf4c917e41b484e86a2) Importer(815301076,1909f56bfc062723c751e8b465ee728b)  -> (artifact id: '76b992862e7add165f43cdecd417011e') in 0.021352 seconds 
========================================================================
Received Import Request.
  Time since last request: 2.633467 seconds.
  path: Assets/Sprites/Maze/Goal.prefab
  artifactKey: Guid(a09a967b94bebaf4c917e41b484e86a2) Importer(815301076,1909f56bfc062723c751e8b465ee728b)
Start importing Assets/Sprites/Maze/Goal.prefab using Guid(a09a967b94bebaf4c917e41b484e86a2) Importer(815301076,1909f56bfc062723c751e8b465ee728b)  -> (artifact id: '1686e8e5158f51f8c923bc7eb24a5d09') in 0.014004 seconds 
========================================================================
Received Import Request.
  Time since last request: 6.774086 seconds.
  path: Assets/Sprites/Maze/Target.prefab
  artifactKey: Guid(ba2b578d185efde4da85fa2833054545) Importer(815301076,1909f56bfc062723c751e8b465ee728b)
Start importing Assets/Sprites/Maze/Target.prefab using Guid(ba2b578d185efde4da85fa2833054545) Importer(815301076,1909f56bfc062723c751e8b465ee728b)  -> (artifact id: 'af428f2ef33193a6120824df0e6c5ea7') in 0.018133 seconds 
========================================================================
Received Prepare
Registering precompiled user dll's ...
Registered in 0.019601 seconds.
Begin MonoManager ReloadAssembly
Symbol file LoadedFromMemory doesn't match image C:\Users\kamin\Documents\Works\Unity Projects\Project-Bomb-Disarmament\Library\PackageCache\com.unity.visualscripting@1.7.6\Editor\VisualScripting.Core\Dependencies\YamlDotNet\Unity.VisualScripting.YamlDotNet.dll
Symbol file LoadedFromMemory doesn't match image C:\Users\kamin\Documents\Works\Unity Projects\Project-Bomb-Disarmament\Library\PackageCache\com.unity.visualscripting@1.7.6\Editor\VisualScripting.Core\Dependencies\DotNetZip\Unity.VisualScripting.IonicZip.dll
Native extension for WindowsStandalone target not found
Refreshing native plugins compatible for Editor in 2.14 ms, found 3 plugins.
Preloading 0 native plugins for Editor in 0.00 ms.
Mono: successfully reloaded assembly
- Completed reload, in  3.662 seconds
Domain Reload Profiling:
	ReloadAssembly (3666ms)
		BeginReloadAssembly (1157ms)
			ExecutionOrderSort (0ms)
			DisableScriptedObjects (53ms)
			BackupInstance (0ms)
			ReleaseScriptingObjects (0ms)
			CreateAndSetChildDomain (553ms)
		EndReloadAssembly (2236ms)
			LoadAssemblies (391ms)
			RebuildTransferFunctionScriptingTraits (0ms)
			SetupTypeCache (747ms)
			ReleaseScriptCaches (3ms)
			RebuildScriptCaches (121ms)
			SetupLoadedEditorAssemblies (944ms)
				LogAssemblyErrors (0ms)
				InitializePlatformSupportModulesInManaged (39ms)
				SetLoadedEditorAssemblies (2ms)
				RefreshPlugins (2ms)
				BeforeProcessingInitializeOnLoad (179ms)
				ProcessInitializeOnLoadAttributes (608ms)
				ProcessInitializeOnLoadMethodAttributes (84ms)
				AfterProcessingInitializeOnLoad (28ms)
				EditorAssembliesLoaded (1ms)
			ExecutionOrderSort2 (0ms)
			AwakeInstancesAfterBackupRestoration (18ms)
Platform modules already initialized, skipping
Refreshing native plugins compatible for Editor in 8.14 ms, found 3 plugins.
Preloading 0 native plugins for Editor in 0.00 ms.
Unloading 3359 Unused Serialized files (Serialized files now loaded: 0)
Unloading 19 unused Assets / (79.2 KB). Loaded Objects now: 3846.
Memory consumption went from 125.7 MB to 125.6 MB.
Total: 11.013600 ms (FindLiveObjects: 0.496600 ms CreateObjectMapping: 0.307000 ms MarkObjects: 9.374700 ms  DeleteObjects: 0.832400 ms)

AssetImportParameters requested are different than current active one (requested -> active):
  custom:video-decoder-ogg-theora: a1e56fd34408186e4bbccfd4996cb3dc -> 
  custom:container-muxer-webm: aa71ff27fc2769a1b78a27578f13a17b -> 
  custom:container-demuxer-webm: 4f35f7cbe854078d1ac9338744f61a02 -> 
  custom:video-encoder-webm-vp8: eb34c28f22e8b96e1ab97ce403110664 -> 
  custom:video-codec-MediaFoundation-h265: 746d11721c4dcdbdad8f713fa42b33f4 -> 
  custom:audio-encoder-webm-vorbis: bf7c407c2cedff20999df2af8eb42d56 -> 
  custom:framework-win-MediaFoundation: 216162199b28c13a410421893ffa2e32 -> 
  custom:container-demuxer-ogg: 62fdf1f143b41e24485cea50d1cbac27 -> 
  custom:video-decoder-webm-vp8: 9c59270c3fd7afecdb556c50c9e8de78 -> 
  custom:audio-decoder-ogg-vorbis: bf7c407c2cedff20999df2af8eb42d56 -> 
========================================================================
Received Import Request.
  Time since last request: 27.065304 seconds.
  path: Assets/Sprites/Maze/Passage.prefab
  artifactKey: Guid(ddda95d440983b847a0cbffb7e7d0032) Importer(815301076,1909f56bfc062723c751e8b465ee728b)
Start importing Assets/Sprites/Maze/Passage.prefab using Guid(ddda95d440983b847a0cbffb7e7d0032) Importer(815301076,1909f56bfc062723c751e8b465ee728b)  -> (artifact id: '682155016d0fd974bf80645bf5e56f7b') in 0.084941 seconds 
========================================================================
Received Prepare
Registering precompiled user dll's ...
Registered in 0.014063 seconds.
Begin MonoManager ReloadAssembly
Symbol file LoadedFromMemory doesn't match image C:\Users\kamin\Documents\Works\Unity Projects\Project-Bomb-Disarmament\Library\PackageCache\com.unity.visualscripting@1.7.6\Editor\VisualScripting.Core\Dependencies\YamlDotNet\Unity.VisualScripting.YamlDotNet.dll
Symbol file LoadedFromMemory doesn't match image C:\Users\kamin\Documents\Works\Unity Projects\Project-Bomb-Disarmament\Library\PackageCache\com.unity.visualscripting@1.7.6\Editor\VisualScripting.Core\Dependencies\DotNetZip\Unity.VisualScripting.IonicZip.dll
Native extension for WindowsStandalone target not found
Refreshing native plugins compatible for Editor in 1.50 ms, found 3 plugins.
Preloading 0 native plugins for Editor in 0.00 ms.
Mono: successfully reloaded assembly
- Completed reload, in  2.565 seconds
Domain Reload Profiling:
	ReloadAssembly (2567ms)
		BeginReloadAssembly (327ms)
			ExecutionOrderSort (0ms)
			DisableScriptedObjects (10ms)
			BackupInstance (0ms)
			ReleaseScriptingObjects (0ms)
			CreateAndSetChildDomain (65ms)
		EndReloadAssembly (1972ms)
			LoadAssemblies (298ms)
			RebuildTransferFunctionScriptingTraits (0ms)
			SetupTypeCache (667ms)
			ReleaseScriptCaches (2ms)
			RebuildScriptCaches (109ms)
			SetupLoadedEditorAssemblies (822ms)
				LogAssemblyErrors (0ms)
				InitializePlatformSupportModulesInManaged (35ms)
				SetLoadedEditorAssemblies (1ms)
				RefreshPlugins (2ms)
				BeforeProcessingInitializeOnLoad (185ms)
				ProcessInitializeOnLoadAttributes (489ms)
				ProcessInitializeOnLoadMethodAttributes (83ms)
				AfterProcessingInitializeOnLoad (25ms)
				EditorAssembliesLoaded (0ms)
			ExecutionOrderSort2 (0ms)
			AwakeInstancesAfterBackupRestoration (18ms)
Platform modules already initialized, skipping
Refreshing native plugins compatible for Editor in 7.48 ms, found 3 plugins.
Preloading 0 native plugins for Editor in 0.00 ms.
Unloading 3359 Unused Serialized files (Serialized files now loaded: 0)
Unloading 19 unused Assets / (79.2 KB). Loaded Objects now: 3849.
Memory consumption went from 125.7 MB to 125.6 MB.
Total: 7.888000 ms (FindLiveObjects: 0.884700 ms CreateObjectMapping: 0.212200 ms MarkObjects: 6.481700 ms  DeleteObjects: 0.307000 ms)

AssetImportParameters requested are different than current active one (requested -> active):
  custom:video-decoder-ogg-theora: a1e56fd34408186e4bbccfd4996cb3dc -> 
  custom:container-muxer-webm: aa71ff27fc2769a1b78a27578f13a17b -> 
  custom:container-demuxer-webm: 4f35f7cbe854078d1ac9338744f61a02 -> 
  custom:video-encoder-webm-vp8: eb34c28f22e8b96e1ab97ce403110664 -> 
  custom:video-codec-MediaFoundation-h265: 746d11721c4dcdbdad8f713fa42b33f4 -> 
  custom:audio-encoder-webm-vorbis: bf7c407c2cedff20999df2af8eb42d56 -> 
  custom:framework-win-MediaFoundation: 216162199b28c13a410421893ffa2e32 -> 
  custom:container-demuxer-ogg: 62fdf1f143b41e24485cea50d1cbac27 -> 
  custom:video-decoder-webm-vp8: 9c59270c3fd7afecdb556c50c9e8de78 -> 
  custom:audio-decoder-ogg-vorbis: bf7c407c2cedff20999df2af8eb42d56 -> 
========================================================================
Received Import Request.
  Time since last request: 16.240896 seconds.
  path: Assets/Sprites/Maze/Goal.prefab
  artifactKey: Guid(a09a967b94bebaf4c917e41b484e86a2) Importer(815301076,1909f56bfc062723c751e8b465ee728b)
Start importing Assets/Sprites/Maze/Goal.prefab using Guid(a09a967b94bebaf4c917e41b484e86a2) Importer(815301076,1909f56bfc062723c751e8b465ee728b)  -> (artifact id: '621661f121c90b0add3b44fc789a83a1') in 0.090236 seconds 
========================================================================
Received Import Request.
  Time since last request: 14.425939 seconds.
  path: Assets/Sprites/Maze/Goal.prefab
  artifactKey: Guid(a09a967b94bebaf4c917e41b484e86a2) Importer(815301076,1909f56bfc062723c751e8b465ee728b)
Start importing Assets/Sprites/Maze/Goal.prefab using Guid(a09a967b94bebaf4c917e41b484e86a2) Importer(815301076,1909f56bfc062723c751e8b465ee728b)  -> (artifact id: '9e1425247f738998f6216e13c85ab8bd') in 0.012201 seconds 
========================================================================
Received Import Request.
  Time since last request: 1.793578 seconds.
  path: Assets/Sprites/Maze/Goal.prefab
  artifactKey: Guid(a09a967b94bebaf4c917e41b484e86a2) Importer(815301076,1909f56bfc062723c751e8b465ee728b)
Start importing Assets/Sprites/Maze/Goal.prefab using Guid(a09a967b94bebaf4c917e41b484e86a2) Importer(815301076,1909f56bfc062723c751e8b465ee728b)  -> (artifact id: 'b04c21094b25ab3250b280f99eb235d4') in 0.012764 seconds 
========================================================================
Received Import Request.
  Time since last request: 1.869423 seconds.
  path: Assets/Sprites/Maze/Goal.prefab
  artifactKey: Guid(a09a967b94bebaf4c917e41b484e86a2) Importer(815301076,1909f56bfc062723c751e8b465ee728b)
Start importing Assets/Sprites/Maze/Goal.prefab using Guid(a09a967b94bebaf4c917e41b484e86a2) Importer(815301076,1909f56bfc062723c751e8b465ee728b)  -> (artifact id: '5367c56817d87be56fe7c126083b7794') in 0.012487 seconds 
========================================================================
Received Import Request.
  Time since last request: 1.468203 seconds.
  path: Assets/Sprites/Maze/Goal.prefab
  artifactKey: Guid(a09a967b94bebaf4c917e41b484e86a2) Importer(815301076,1909f56bfc062723c751e8b465ee728b)
Start importing Assets/Sprites/Maze/Goal.prefab using Guid(a09a967b94bebaf4c917e41b484e86a2) Importer(815301076,1909f56bfc062723c751e8b465ee728b)  -> (artifact id: 'd928ed0a7ca8da0e36eaa9d29a9d9bc0') in 0.013699 seconds 
========================================================================
Received Import Request.
  Time since last request: 1.456753 seconds.
  path: Assets/Sprites/Maze/Goal.prefab
  artifactKey: Guid(a09a967b94bebaf4c917e41b484e86a2) Importer(815301076,1909f56bfc062723c751e8b465ee728b)
Start importing Assets/Sprites/Maze/Goal.prefab using Guid(a09a967b94bebaf4c917e41b484e86a2) Importer(815301076,1909f56bfc062723c751e8b465ee728b)  -> (artifact id: '82cfef18a2010801ce323a57a95a37f9') in 0.012672 seconds 
========================================================================
Received Import Request.
  Time since last request: 631.239620 seconds.
  path: Assets/Scripts/CursorManager.cs
  artifactKey: Guid(8e23c5560986892448c9f042823b29e3) Importer(815301076,1909f56bfc062723c751e8b465ee728b)
Start importing Assets/Scripts/CursorManager.cs using Guid(8e23c5560986892448c9f042823b29e3) Importer(815301076,1909f56bfc062723c751e8b465ee728b)  -> (artifact id: 'c09b4c776a93e35568dd8489c351bafb') in 0.058609 seconds 
